<?xml version="1.0" encoding="UTF-8"?>
<coverage generated="1537658019454" clover="3.2.0">
  <project timestamp="1537658019454" name="All files">
    <metrics statements="35" coveredstatements="35" conditionals="15" coveredconditionals="15" methods="2" coveredmethods="2" elements="52" coveredelements="52" complexity="0" loc="35" ncloc="35" packages="1" files="1" classes="1">
      <file name="index.js" path="/Users/haleymendoza/codefellows/401/imeanireallycantbelieveitsnotrandom/index.js">
        <metrics statements="35" coveredstatements="35" conditionals="15" coveredconditionals="15" methods="2" coveredmethods="2"/>
        <line num="2" count="2" type="stmt"/>
        <line num="3" count="8" type="stmt"/>
        <line num="4" count="8" type="stmt"/>
        <line num="7" count="2" type="stmt"/>
        <line num="13" count="8" type="stmt"/>
        <line num="14" count="8" type="cond" truecount="2" falsecount="0"/>
        <line num="16" count="8" type="stmt"/>
        <line num="18" count="8" type="cond" truecount="3" falsecount="0"/>
        <line num="20" count="3" type="stmt"/>
        <line num="21" count="7" type="stmt"/>
        <line num="22" count="11" type="cond" truecount="2" falsecount="0"/>
        <line num="23" count="1" type="stmt"/>
        <line num="27" count="10" type="stmt"/>
        <line num="28" count="10" type="stmt"/>
        <line num="29" count="10" type="stmt"/>
        <line num="31" count="10" type="stmt"/>
        <line num="34" count="2" type="cond" truecount="2" falsecount="0"/>
        <line num="35" count="1" type="stmt"/>
        <line num="37" count="1" type="stmt"/>
        <line num="41" count="4" type="stmt"/>
        <line num="42" count="8" type="stmt"/>
        <line num="43" count="8" type="cond" truecount="2" falsecount="0"/>
        <line num="44" count="1" type="stmt"/>
        <line num="46" count="7" type="stmt"/>
        <line num="47" count="11" type="cond" truecount="2" falsecount="0"/>
        <line num="48" count="1" type="stmt"/>
        <line num="52" count="10" type="stmt"/>
        <line num="53" count="10" type="stmt"/>
        <line num="54" count="10" type="stmt"/>
        <line num="56" count="10" type="stmt"/>
        <line num="59" count="2" type="cond" truecount="2" falsecount="0"/>
        <line num="60" count="1" type="stmt"/>
        <line num="62" count="1" type="stmt"/>
        <line num="66" count="1" type="stmt"/>
        <line num="71" count="1" type="stmt"/>
      </file>
    </metrics>
  </project>
</coverage>
