{"/Users/haleymendoza/codefellows/401/imeanireallycantbelieveitsnotrandom/index.js": {"path":"/Users/haleymendoza/codefellows/401/imeanireallycantbelieveitsnotrandom/index.js","statementMap":{"0":{"start":{"line":2,"column":2},"end":{"line":5,"column":3}},"1":{"start":{"line":3,"column":14},"end":{"line":3,"column":49}},"2":{"start":{"line":4,"column":4},"end":{"line":4,"column":40}},"3":{"start":{"line":7,"column":2},"end":{"line":7,"column":12}},"4":{"start":{"line":13,"column":57},"end":{"line":13,"column":66}},"5":{"start":{"line":14,"column":2},"end":{"line":14,"column":63}},"6":{"start":{"line":16,"column":15},"end":{"line":16,"column":17}},"7":{"start":{"line":18,"column":2},"end":{"line":67,"column":3}},"8":{"start":{"line":20,"column":4},"end":{"line":33,"column":7}},"9":{"start":{"line":21,"column":8},"end":{"line":32,"column":9}},"10":{"start":{"line":22,"column":10},"end":{"line":24,"column":11}},"11":{"start":{"line":23,"column":12},"end":{"line":23,"column":29}},"12":{"start":{"line":27,"column":10},"end":{"line":30,"column":50}},"13":{"start":{"line":28,"column":12},"end":{"line":28,"column":75}},"14":{"start":{"line":29,"column":12},"end":{"line":29,"column":55}},"15":{"start":{"line":31,"column":10},"end":{"line":31,"column":37}},"16":{"start":{"line":34,"column":6},"end":{"line":38,"column":7}},"17":{"start":{"line":35,"column":8},"end":{"line":35,"column":31}},"18":{"start":{"line":37,"column":8},"end":{"line":37,"column":22}},"19":{"start":{"line":41,"column":10},"end":{"line":58,"column":7}},"20":{"start":{"line":42,"column":27},"end":{"line":42,"column":65}},"21":{"start":{"line":43,"column":14},"end":{"line":45,"column":15}},"22":{"start":{"line":44,"column":16},"end":{"line":44,"column":33}},"23":{"start":{"line":46,"column":8},"end":{"line":57,"column":9}},"24":{"start":{"line":47,"column":10},"end":{"line":49,"column":11}},"25":{"start":{"line":48,"column":12},"end":{"line":48,"column":29}},"26":{"start":{"line":52,"column":10},"end":{"line":55,"column":50}},"27":{"start":{"line":53,"column":12},"end":{"line":53,"column":82}},"28":{"start":{"line":54,"column":12},"end":{"line":54,"column":47}},"29":{"start":{"line":56,"column":10},"end":{"line":56,"column":37}},"30":{"start":{"line":59,"column":6},"end":{"line":63,"column":7}},"31":{"start":{"line":60,"column":8},"end":{"line":60,"column":31}},"32":{"start":{"line":62,"column":8},"end":{"line":62,"column":22}},"33":{"start":{"line":66,"column":13},"end":{"line":66,"column":24}},"34":{"start":{"line":71,"column":0},"end":{"line":71,"column":26}}},"fnMap":{"0":{"name":"shuffler","decl":{"start":{"line":1,"column":9},"end":{"line":1,"column":17}},"loc":{"start":{"line":1,"column":23},"end":{"line":8,"column":1}},"line":1},"1":{"name":"weighted","decl":{"start":{"line":11,"column":9},"end":{"line":11,"column":17}},"loc":{"start":{"line":11,"column":29},"end":{"line":69,"column":1}},"line":11}},"branchMap":{"0":{"loc":{"start":{"line":14,"column":12},"end":{"line":14,"column":62}},"type":"cond-expr","locations":[{"start":{"line":14,"column":48},"end":{"line":14,"column":55}},{"start":{"line":14,"column":58},"end":{"line":14,"column":62}}],"line":14},"1":{"loc":{"start":{"line":18,"column":2},"end":{"line":67,"column":3}},"type":"switch","locations":[{"start":{"line":19,"column":4},"end":{"line":38,"column":7}},{"start":{"line":40,"column":4},"end":{"line":63,"column":7}},{"start":{"line":66,"column":4},"end":{"line":66,"column":24}}],"line":18},"2":{"loc":{"start":{"line":22,"column":10},"end":{"line":24,"column":11}},"type":"if","locations":[{"start":{"line":22,"column":10},"end":{"line":24,"column":11}},{"start":{"line":22,"column":10},"end":{"line":24,"column":11}}],"line":22},"3":{"loc":{"start":{"line":34,"column":6},"end":{"line":38,"column":7}},"type":"if","locations":[{"start":{"line":34,"column":6},"end":{"line":38,"column":7}},{"start":{"line":34,"column":6},"end":{"line":38,"column":7}}],"line":34},"4":{"loc":{"start":{"line":43,"column":14},"end":{"line":45,"column":15}},"type":"if","locations":[{"start":{"line":43,"column":14},"end":{"line":45,"column":15}},{"start":{"line":43,"column":14},"end":{"line":45,"column":15}}],"line":43},"5":{"loc":{"start":{"line":47,"column":10},"end":{"line":49,"column":11}},"type":"if","locations":[{"start":{"line":47,"column":10},"end":{"line":49,"column":11}},{"start":{"line":47,"column":10},"end":{"line":49,"column":11}}],"line":47},"6":{"loc":{"start":{"line":59,"column":6},"end":{"line":63,"column":7}},"type":"if","locations":[{"start":{"line":59,"column":6},"end":{"line":63,"column":7}},{"start":{"line":59,"column":6},"end":{"line":63,"column":7}}],"line":59}},"s":{"0":2,"1":8,"2":8,"3":2,"4":8,"5":8,"6":8,"7":8,"8":3,"9":7,"10":11,"11":1,"12":10,"13":10,"14":10,"15":10,"16":2,"17":1,"18":1,"19":4,"20":8,"21":8,"22":1,"23":7,"24":11,"25":1,"26":10,"27":10,"28":10,"29":10,"30":2,"31":1,"32":1,"33":1,"34":1},"f":{"0":2,"1":8},"b":{"0":[2,6],"1":[3,4,1],"2":[1,10],"3":[1,1],"4":[1,7],"5":[1,10],"6":[1,1]},"_coverageSchema":"332fd63041d2c1bcb487cc26dd0d5f7d97098a6c","hash":"c6476b92345c3f6af04c03f25159bfed637cdc10"}
}
