TN:
SF:/Users/haleymendoza/codefellows/401/imeanireallycantbelieveitsnotrandom/index.js
FN:1,shuffler
FN:11,weighted
FNF:2
FNH:2
FNDA:2,shuffler
FNDA:8,weighted
DA:2,2
DA:3,8
DA:4,8
DA:7,2
DA:13,8
DA:14,8
DA:16,8
DA:18,8
DA:20,3
DA:21,7
DA:22,11
DA:23,1
DA:27,10
DA:28,10
DA:29,10
DA:31,10
DA:34,2
DA:35,1
DA:37,1
DA:41,4
DA:42,8
DA:43,8
DA:44,1
DA:46,7
DA:47,11
DA:48,1
DA:52,10
DA:53,10
DA:54,10
DA:56,10
DA:59,2
DA:60,1
DA:62,1
DA:66,1
DA:71,1
LF:35
LH:35
BRDA:14,0,0,2
BRDA:14,0,1,6
BRDA:18,1,0,3
BRDA:18,1,1,4
BRDA:18,1,2,1
BRDA:22,2,0,1
BRDA:22,2,1,10
BRDA:34,3,0,1
BRDA:34,3,1,1
BRDA:43,4,0,1
BRDA:43,4,1,7
BRDA:47,5,0,1
BRDA:47,5,1,10
BRDA:59,6,0,1
BRDA:59,6,1,1
BRF:15
BRH:15
end_of_record
